<?xml version="1.0" encoding="utf-8"?><testsuites name="pytest tests"><testsuite name="pytest" errors="0" failures="0" skipped="27" tests="30" time="1.013" timestamp="2025-12-12T17:36:47.277585+00:00" hostname="8fd7a410bbaa"><testcase classname="tests.strix_ai.cv.test_yolo.TestYOLO" name="test_yolo_basic_detection" time="0.000"><skipped type="pytest.skip" message="Strix-specific CV test">/TheRock/tests/strix_ai/cv/test_yolo.py:30: Strix-specific CV test</skipped></testcase><testcase classname="tests.strix_ai.cv.test_yolo.TestYOLO" name="test_yolo_confidence_threshold" time="0.000"><skipped type="pytest.skip" message="Strix-specific CV test">/TheRock/tests/strix_ai/cv/test_yolo.py:55: Strix-specific CV test</skipped></testcase><testcase classname="tests.strix_ai.cv.test_yolo.TestYOLO" name="test_yolo_realtime_fps" time="0.000"><skipped type="pytest.skip" message="Strix-specific CV test">/TheRock/tests/strix_ai/cv/test_yolo.py:74: Strix-specific CV test</skipped></testcase><testcase classname="tests.strix_ai.cv.test_yolo.TestYOLO" name="test_yolo_batch_detection" time="0.000"><skipped type="pytest.skip" message="Strix-specific CV test">/TheRock/tests/strix_ai/cv/test_yolo.py:125: Strix-specific CV test</skipped></testcase><testcase classname="tests.strix_ai.cv.test_yolo.TestYOLO" name="test_yolo_memory_efficiency" time="0.000"><skipped type="pytest.skip" message="Strix-specific CV test">/TheRock/tests/strix_ai/cv/test_yolo.py:148: Strix-specific CV test</skipped></testcase><testcase classname="tests.strix_ai.cv.test_yolo.TestYOLO" name="test_yolo_model_variants" time="0.000"><skipped type="pytest.skip" message="Strix-specific CV test">/TheRock/tests/strix_ai/cv/test_yolo.py:176: Strix-specific CV test</skipped></testcase><testcase classname="tests.strix_ai.optimization.test_quantization.TestQuantization" name="test_fp16_inference" time="0.000"><skipped type="pytest.skip" message="Strix-specific optimization test">/TheRock/tests/strix_ai/optimization/test_quantization.py:29: Strix-specific optimization test</skipped></testcase><testcase classname="tests.strix_ai.optimization.test_quantization.TestQuantization" name="test_fp16_speedup" time="0.000"><skipped type="pytest.skip" message="Strix-specific optimization test">/TheRock/tests/strix_ai/optimization/test_quantization.py:64: Strix-specific optimization test</skipped></testcase><testcase classname="tests.strix_ai.optimization.test_quantization.TestQuantization" name="test_fp16_memory_savings" time="0.000"><skipped type="pytest.skip" message="Strix-specific optimization test">/TheRock/tests/strix_ai/optimization/test_quantization.py:117: Strix-specific optimization test</skipped></testcase><testcase classname="tests.strix_ai.optimization.test_quantization.TestQuantization" name="test_dynamic_quantization" time="0.000"><skipped type="pytest.skip" message="Strix-specific optimization test">/TheRock/tests/strix_ai/optimization/test_quantization.py:167: Strix-specific optimization test</skipped></testcase><testcase classname="tests.strix_ai.optimization.test_quantization.TestQuantization" name="test_model_size_comparison" time="0.000"><skipped type="pytest.skip" message="Strix-specific optimization test">/TheRock/tests/strix_ai/optimization/test_quantization.py:200: Strix-specific optimization test</skipped></testcase><testcase classname="tests.strix_ai.test_simple" name="test_pytest_works" time="0.000" /><testcase classname="tests.strix_ai.test_simple" name="test_environment" time="0.000" /><testcase classname="tests.strix_ai.test_simple" name="test_automatic_workflow_trigger" time="0.000" /><testcase classname="tests.strix_ai.vit.test_vit_base.TestViTBase" name="test_vit_image_classification" time="0.000"><skipped type="pytest.skip" message="Strix-specific ViT test">/TheRock/tests/strix_ai/vit/test_vit_base.py:30: Strix-specific ViT test</skipped></testcase><testcase classname="tests.strix_ai.vit.test_vit_base.TestViTBase" name="test_vit_mixed_precision" time="0.000"><skipped type="pytest.skip" message="Strix-specific ViT test">/TheRock/tests/strix_ai/vit/test_vit_base.py:60: Strix-specific ViT test</skipped></testcase><testcase classname="tests.strix_ai.vit.test_vit_base.TestViTBase" name="test_vit_batch_processing" time="0.000"><skipped type="pytest.skip" message="Strix-specific ViT test">/TheRock/tests/strix_ai/vit/test_vit_base.py:88: Strix-specific ViT test</skipped></testcase><testcase classname="tests.strix_ai.vit.test_vit_base.TestViTBase" name="test_vit_throughput" time="0.000"><skipped type="pytest.skip" message="Strix-specific ViT test">/TheRock/tests/strix_ai/vit/test_vit_base.py:117: Strix-specific ViT test</skipped></testcase><testcase classname="tests.strix_ai.vit.test_vit_base.TestViTBase" name="test_vit_memory_usage" time="0.000"><skipped type="pytest.skip" message="Strix-specific ViT test">/TheRock/tests/strix_ai/vit/test_vit_base.py:166: Strix-specific ViT test</skipped></testcase><testcase classname="tests.strix_ai.vla.test_action_prediction.TestVisionLanguageAction" name="test_vla_visual_grounding" time="0.000"><skipped type="pytest.skip" message="Strix-specific VLA test">/TheRock/tests/strix_ai/vla/test_action_prediction.py:35: Strix-specific VLA test</skipped></testcase><testcase classname="tests.strix_ai.vla.test_action_prediction.TestVisionLanguageAction" name="test_vla_action_classification" time="0.000"><skipped type="pytest.skip" message="Strix-specific VLA test">/TheRock/tests/strix_ai/vla/test_action_prediction.py:72: Strix-specific VLA test</skipped></testcase><testcase classname="tests.strix_ai.vla.test_action_prediction.TestVisionLanguageAction" name="test_vla_spatial_reasoning" time="0.000"><skipped type="pytest.skip" message="Strix-specific VLA test">/TheRock/tests/strix_ai/vla/test_action_prediction.py:111: Strix-specific VLA test</skipped></testcase><testcase classname="tests.strix_ai.vla.test_action_prediction.TestVisionLanguageAction" name="test_vla_multimodal_action_planning" time="0.000"><skipped type="pytest.skip" message="Strix-specific VLA test">/TheRock/tests/strix_ai/vla/test_action_prediction.py:143: Strix-specific VLA test</skipped></testcase><testcase classname="tests.strix_ai.vla.test_action_prediction.TestVisionLanguageAction" name="test_vla_realtime_action_detection" time="0.000"><skipped type="pytest.skip" message="Strix-specific VLA test">/TheRock/tests/strix_ai/vla/test_action_prediction.py:182: Strix-specific VLA test</skipped></testcase><testcase classname="tests.strix_ai.vla.test_action_prediction.TestVisionLanguageAction" name="test_vla_memory_efficiency" time="0.000"><skipped type="pytest.skip" message="Strix-specific VLA test">/TheRock/tests/strix_ai/vla/test_action_prediction.py:230: Strix-specific VLA test</skipped></testcase><testcase classname="tests.strix_ai.vla.test_action_prediction.TestVLAAdvanced" name="test_vla_affordance_detection" time="0.000"><skipped type="pytest.skip" message="Strix-specific VLA test">/TheRock/tests/strix_ai/vla/test_action_prediction.py:273: Strix-specific VLA test</skipped></testcase><testcase classname="tests.strix_ai.vla.test_action_prediction.TestVLAAdvanced" name="test_vla_goal_inference" time="0.000"><skipped type="pytest.skip" message="Strix-specific VLA test">/TheRock/tests/strix_ai/vla/test_action_prediction.py:304: Strix-specific VLA test</skipped></testcase><testcase classname="tests.strix_ai.vlm.test_clip.TestCLIP" name="test_clip_image_text_matching" time="0.000"><skipped type="pytest.skip" message="Strix-specific VLM test">/TheRock/tests/strix_ai/vlm/test_clip.py:30: Strix-specific VLM test</skipped></testcase><testcase classname="tests.strix_ai.vlm.test_clip.TestCLIP" name="test_clip_batch_inference" time="0.000"><skipped type="pytest.skip" message="Strix-specific VLM test">/TheRock/tests/strix_ai/vlm/test_clip.py:64: Strix-specific VLM test</skipped></testcase><testcase classname="tests.strix_ai.vlm.test_clip.TestCLIP" name="test_clip_performance" time="0.000"><skipped type="pytest.skip" message="Strix-specific VLM test">/TheRock/tests/strix_ai/vlm/test_clip.py:92: Strix-specific VLM test</skipped></testcase></testsuite></testsuites>