<?xml version="1.0" encoding="utf-8"?><testsuites name="pytest tests"><testsuite name="pytest" errors="0" failures="0" skipped="3" tests="3" time="0.875" timestamp="2025-12-15T21:00:30.968010+00:00" hostname="8fd7a410bbaa"><testcase classname="tests.strix_ai.vlm.test_clip.TestCLIP" name="test_clip_image_text_matching" time="0.000"><skipped type="pytest.skip" message="Strix-specific VLM test">/TheRock/tests/strix_ai/vlm/test_clip.py:30: Strix-specific VLM test</skipped></testcase><testcase classname="tests.strix_ai.vlm.test_clip.TestCLIP" name="test_clip_batch_inference" time="0.000"><skipped type="pytest.skip" message="Strix-specific VLM test">/TheRock/tests/strix_ai/vlm/test_clip.py:72: Strix-specific VLM test</skipped></testcase><testcase classname="tests.strix_ai.vlm.test_clip.TestCLIP" name="test_clip_performance" time="0.000"><skipped type="pytest.skip" message="Strix-specific VLM test">/TheRock/tests/strix_ai/vlm/test_clip.py:100: Strix-specific VLM test</skipped></testcase></testsuite></testsuites>